<?xml version="1.0" encoding="UTF-8"?>
<!-- Generated by org.testng.reporters.JUnitXMLReporter -->
<testsuite ignored="0" hostname="DESKTOP-PBF243E" failures="0" tests="3" name="Default test" time="79.983" errors="0" timestamp="06 Nov 2023 08:48:13 GMT">
  <testcase classname="automationFramworkTask2.LognTC" name="testInvalidEmailFormat" time="19.365"/>
  <testcase classname="automationFramworkTask2.LognTC" name="testValidEmailInvalidPassword" time="16.417"/>
  <testcase classname="automationFramworkTask2.LognTC" name="testValidLogin" time="23.241"/>
</testsuite> <!-- Default test -->
