<?xml version="1.0" encoding="UTF-8"?>
<testng-results ignored="0" total="3" passed="3" failed="0" skipped="0">
  <reporter-output>
  </reporter-output>
  <suite started-at="2023-11-06T08:46:53Z" name="Default suite" finished-at="2023-11-06T08:48:13Z" duration-ms="79983">
    <groups>
    </groups>
    <test started-at="2023-11-06T08:46:53Z" name="Default test" finished-at="2023-11-06T08:48:13Z" duration-ms="79983">
      <class name="automationFramworkTask2.LognTC">
        <test-method is-config="true" signature="setUp()[pri:0, instance:automationFramworkTask2.LognTC@3f4faf53]" started-at="2023-11-06T11:46:53Z" name="setUp" finished-at="2023-11-06T11:47:14Z" duration-ms="20467" status="PASS">
          <reporter-output>
          </reporter-output>
        </test-method> <!-- setUp -->
        <test-method signature="testInvalidEmailFormat()[pri:0, instance:automationFramworkTask2.LognTC@3f4faf53]" started-at="2023-11-06T11:47:14Z" name="testInvalidEmailFormat" finished-at="2023-11-06T11:47:33Z" duration-ms="19365" status="PASS">
          <reporter-output>
          </reporter-output>
        </test-method> <!-- testInvalidEmailFormat -->
        <test-method signature="testValidEmailInvalidPassword()[pri:0, instance:automationFramworkTask2.LognTC@3f4faf53]" started-at="2023-11-06T11:47:33Z" name="testValidEmailInvalidPassword" finished-at="2023-11-06T11:47:50Z" duration-ms="16417" status="PASS">
          <reporter-output>
          </reporter-output>
        </test-method> <!-- testValidEmailInvalidPassword -->
        <test-method signature="testValidLogin()[pri:0, instance:automationFramworkTask2.LognTC@3f4faf53]" started-at="2023-11-06T11:47:50Z" name="testValidLogin" finished-at="2023-11-06T11:48:13Z" duration-ms="23241" status="PASS">
          <reporter-output>
          </reporter-output>
        </test-method> <!-- testValidLogin -->
        <test-method is-config="true" signature="tearDown()[pri:0, instance:automationFramworkTask2.LognTC@3f4faf53]" started-at="2023-11-06T11:48:13Z" name="tearDown" finished-at="2023-11-06T11:48:13Z" duration-ms="443" status="PASS">
          <reporter-output>
          </reporter-output>
        </test-method> <!-- tearDown -->
      </class> <!-- automationFramworkTask2.LognTC -->
    </test> <!-- Default test -->
  </suite> <!-- Default suite -->
</testng-results>
